SF:/home/runner/work/SwiftBeanCountWealthsimpleMapper/SwiftBeanCountWealthsimpleMapper/Sources/SwiftBeanCountWealthsimpleMapper/LedgerLookup.swift
FN:29,$s32SwiftBeanCountWealthsimpleMapper12LedgerLookupVyAC0abC5Model0F0CcfC
FN:33,$s32SwiftBeanCountWealthsimpleMapper12LedgerLookupV022doesTransactionExistInF0ySb0abC5Model0I0CF
FN:34,$s32SwiftBeanCountWealthsimpleMapper12LedgerLookupV022doesTransactionExistInF0ySb0abC5Model0I0CFSbAGXEfU_
FN:36,$s32SwiftBeanCountWealthsimpleMapper12LedgerLookupV022doesTransactionExistInF0ySb0abC5Model0I0CFSbAGXEfU_SbyKXEfu_
FN:40,$s32SwiftBeanCountWealthsimpleMapper12LedgerLookupV016doesPriceExistInF0ySb0abC5Model0I0VF
FN:44,$s32SwiftBeanCountWealthsimpleMapper12LedgerLookupV018doesBalanceExistInF0ySb0abC5Model0I0VF
FN:45,$s32SwiftBeanCountWealthsimpleMapper12LedgerLookupV018doesBalanceExistInF0ySb0abC5Model0I0VFSbAE7AccountCXEfU_
FN:51,$s32SwiftBeanCountWealthsimpleMapper12LedgerLookupV18isTransactionValidySb0abC5Model0I0CF
FN:59,$s32SwiftBeanCountWealthsimpleMapper12LedgerLookupV15roundingBalancey0abC5Model6AmountVAE11TransactionCF
FN:70,$s32SwiftBeanCountWealthsimpleMapper12LedgerLookupV12ledgerSymbol3forSS0D05AssetV_tKF
FN:78,$s32SwiftBeanCountWealthsimpleMapper12LedgerLookupV12ledgerSymbol3forS2S_tKF
FN:79,$s32SwiftBeanCountWealthsimpleMapper12LedgerLookupV12ledgerSymbol3forS2S_tKFSb0abC5Model9CommodityCXEfU_
FN:88,$s32SwiftBeanCountWealthsimpleMapper12LedgerLookupV17ledgerAccountName3for6ofType6symbol0abC5Model0iJ0V0D00I0V_AH0iM0OSSSgtKF
FN:89,$s32SwiftBeanCountWealthsimpleMapper12LedgerLookupV17ledgerAccountName3for6ofType6symbol0abC5Model0iJ0V0D00I0V_AH0iM0OSSSgtKFSSyKXEfu_
FN:91,$s32SwiftBeanCountWealthsimpleMapper12LedgerLookupV17ledgerAccountName3for6ofType6symbol0abC5Model0iJ0V0D00I0V_AH0iM0OSSSgtKFSbAhLCXEfU_
FN:93,$s32SwiftBeanCountWealthsimpleMapper12LedgerLookupV17ledgerAccountName3for6ofType6symbol0abC5Model0iJ0V0D00I0V_AH0iM0OSSSgtKFSbAhLCXEfU_SbyKXEfu_
FN:93,$s32SwiftBeanCountWealthsimpleMapper12LedgerLookupV17ledgerAccountName3for6ofType6symbol0abC5Model0iJ0V0D00I0V_AH0iM0OSSSgtKFSbAhLCXEfU_SbyKXEfu_SbyKXEfu0_
FN:94,$s32SwiftBeanCountWealthsimpleMapper12LedgerLookupV17ledgerAccountName3for6ofType6symbol0abC5Model0iJ0V0D00I0V_AH0iM0OSSSgtKFSbAhLCXEfU_SbyKXEfu1_
FN:94,$s32SwiftBeanCountWealthsimpleMapper12LedgerLookupV17ledgerAccountName3for6ofType6symbol0abC5Model0iJ0V0D00I0V_AH0iM0OSSSgtKFSbAhLCXEfU_SbyKXEfu1_SbyKXEfu2_
FN:102,$s32SwiftBeanCountWealthsimpleMapper12LedgerLookupV28ledgerAccountCommoditySymbol2ofSSSg0abC5Model0I4NameV_tF
FN:103,$s32SwiftBeanCountWealthsimpleMapper12LedgerLookupV28ledgerAccountCommoditySymbol2ofSSSg0abC5Model0I4NameV_tFSbAG0I0CXEfU_
FNDA:0,$s32SwiftBeanCountWealthsimpleMapper12LedgerLookupVyAC0abC5Model0F0CcfC
FNDA:0,$s32SwiftBeanCountWealthsimpleMapper12LedgerLookupV022doesTransactionExistInF0ySb0abC5Model0I0CF
FNDA:0,$s32SwiftBeanCountWealthsimpleMapper12LedgerLookupV022doesTransactionExistInF0ySb0abC5Model0I0CFSbAGXEfU_
FNDA:0,$s32SwiftBeanCountWealthsimpleMapper12LedgerLookupV022doesTransactionExistInF0ySb0abC5Model0I0CFSbAGXEfU_SbyKXEfu_
FNDA:0,$s32SwiftBeanCountWealthsimpleMapper12LedgerLookupV016doesPriceExistInF0ySb0abC5Model0I0VF
FNDA:0,$s32SwiftBeanCountWealthsimpleMapper12LedgerLookupV018doesBalanceExistInF0ySb0abC5Model0I0VF
FNDA:0,$s32SwiftBeanCountWealthsimpleMapper12LedgerLookupV018doesBalanceExistInF0ySb0abC5Model0I0VFSbAE7AccountCXEfU_
FNDA:0,$s32SwiftBeanCountWealthsimpleMapper12LedgerLookupV18isTransactionValidySb0abC5Model0I0CF
FNDA:0,$s32SwiftBeanCountWealthsimpleMapper12LedgerLookupV15roundingBalancey0abC5Model6AmountVAE11TransactionCF
FNDA:0,$s32SwiftBeanCountWealthsimpleMapper12LedgerLookupV12ledgerSymbol3forSS0D05AssetV_tKF
FNDA:0,$s32SwiftBeanCountWealthsimpleMapper12LedgerLookupV12ledgerSymbol3forS2S_tKF
FNDA:0,$s32SwiftBeanCountWealthsimpleMapper12LedgerLookupV12ledgerSymbol3forS2S_tKFSb0abC5Model9CommodityCXEfU_
FNDA:0,$s32SwiftBeanCountWealthsimpleMapper12LedgerLookupV17ledgerAccountName3for6ofType6symbol0abC5Model0iJ0V0D00I0V_AH0iM0OSSSgtKF
FNDA:0,$s32SwiftBeanCountWealthsimpleMapper12LedgerLookupV17ledgerAccountName3for6ofType6symbol0abC5Model0iJ0V0D00I0V_AH0iM0OSSSgtKFSSyKXEfu_
FNDA:0,$s32SwiftBeanCountWealthsimpleMapper12LedgerLookupV17ledgerAccountName3for6ofType6symbol0abC5Model0iJ0V0D00I0V_AH0iM0OSSSgtKFSbAhLCXEfU_
FNDA:0,$s32SwiftBeanCountWealthsimpleMapper12LedgerLookupV17ledgerAccountName3for6ofType6symbol0abC5Model0iJ0V0D00I0V_AH0iM0OSSSgtKFSbAhLCXEfU_SbyKXEfu_
FNDA:0,$s32SwiftBeanCountWealthsimpleMapper12LedgerLookupV17ledgerAccountName3for6ofType6symbol0abC5Model0iJ0V0D00I0V_AH0iM0OSSSgtKFSbAhLCXEfU_SbyKXEfu_SbyKXEfu0_
FNDA:0,$s32SwiftBeanCountWealthsimpleMapper12LedgerLookupV17ledgerAccountName3for6ofType6symbol0abC5Model0iJ0V0D00I0V_AH0iM0OSSSgtKFSbAhLCXEfU_SbyKXEfu1_
FNDA:0,$s32SwiftBeanCountWealthsimpleMapper12LedgerLookupV17ledgerAccountName3for6ofType6symbol0abC5Model0iJ0V0D00I0V_AH0iM0OSSSgtKFSbAhLCXEfU_SbyKXEfu1_SbyKXEfu2_
FNDA:0,$s32SwiftBeanCountWealthsimpleMapper12LedgerLookupV28ledgerAccountCommoditySymbol2ofSSSg0abC5Model0I4NameV_tF
FNDA:0,$s32SwiftBeanCountWealthsimpleMapper12LedgerLookupV28ledgerAccountCommoditySymbol2ofSSSg0abC5Model0I4NameV_tFSbAG0I0CXEfU_
FNF:21
FNH:0
DA:29,0
DA:30,0
DA:31,0
DA:33,0
DA:34,0
DA:35,0
DA:36,0
DA:37,0
DA:38,0
DA:40,0
DA:41,0
DA:42,0
DA:44,0
DA:45,0
DA:46,0
DA:47,0
DA:48,0
DA:49,0
DA:51,0
DA:52,0
DA:53,0
DA:54,0
DA:55,0
DA:56,0
DA:57,0
DA:59,0
DA:60,0
DA:61,0
DA:62,0
DA:63,0
DA:64,0
DA:65,0
DA:66,0
DA:67,0
DA:68,0
DA:70,0
DA:71,0
DA:72,0
DA:73,0
DA:74,0
DA:75,0
DA:76,0
DA:78,0
DA:79,0
DA:80,0
DA:81,0
DA:82,0
DA:83,0
DA:84,0
DA:85,0
DA:86,0
DA:88,0
DA:89,0
DA:90,0
DA:91,0
DA:92,0
DA:93,0
DA:94,0
DA:95,0
DA:96,0
DA:97,0
DA:98,0
DA:99,0
DA:100,0
DA:102,0
DA:103,0
DA:104,0
DA:105,0
DA:106,0
DA:107,0
LF:92
LH:0
end_of_record
SF:/home/runner/work/SwiftBeanCountWealthsimpleMapper/SwiftBeanCountWealthsimpleMapper/Sources/SwiftBeanCountWealthsimpleMapper/Wealthsimple.Transaction.swift
FN:13,$s12Wealthsimple11TransactionV014SwiftBeanCountA6MapperE11marketPrice0cdE5Model6AmountVvg
FN:16,$s12Wealthsimple11TransactionV014SwiftBeanCountA6MapperE7netCash0cdE5Model6AmountVvg
FN:19,$s12Wealthsimple11TransactionV014SwiftBeanCountA6MapperE14negatedNetCash0cdE5Model6AmountVvg
FN:22,$s12Wealthsimple11TransactionV014SwiftBeanCountA6MapperE8fxAmount0cdE5Model0H0Vvg
FN:25,$s12Wealthsimple11TransactionV014SwiftBeanCountA6MapperE9cashTypesSayAC0B4TypeOGvg
FN:28,$s12Wealthsimple11TransactionV014SwiftBeanCountA6MapperE5useFxSbvg
FN:32,$s12Wealthsimple11TransactionV014SwiftBeanCountA6MapperE14quantitySymbol6lookupSSAD12LedgerLookupV_tKF
FN:36,$s12Wealthsimple11TransactionV014SwiftBeanCountA6MapperE14quantityAmount6lookup0cdE5Model0H0VAD12LedgerLookupV_tKF
FNDA:0,$s12Wealthsimple11TransactionV014SwiftBeanCountA6MapperE11marketPrice0cdE5Model6AmountVvg
FNDA:0,$s12Wealthsimple11TransactionV014SwiftBeanCountA6MapperE7netCash0cdE5Model6AmountVvg
FNDA:0,$s12Wealthsimple11TransactionV014SwiftBeanCountA6MapperE14negatedNetCash0cdE5Model6AmountVvg
FNDA:0,$s12Wealthsimple11TransactionV014SwiftBeanCountA6MapperE8fxAmount0cdE5Model0H0Vvg
FNDA:0,$s12Wealthsimple11TransactionV014SwiftBeanCountA6MapperE9cashTypesSayAC0B4TypeOGvg
FNDA:0,$s12Wealthsimple11TransactionV014SwiftBeanCountA6MapperE5useFxSbvg
FNDA:0,$s12Wealthsimple11TransactionV014SwiftBeanCountA6MapperE14quantitySymbol6lookupSSAD12LedgerLookupV_tKF
FNDA:0,$s12Wealthsimple11TransactionV014SwiftBeanCountA6MapperE14quantityAmount6lookup0cdE5Model0H0VAD12LedgerLookupV_tKF
FNF:8
FNH:0
DA:13,0
DA:14,0
DA:15,0
DA:16,0
DA:17,0
DA:18,0
DA:19,0
DA:20,0
DA:21,0
DA:22,0
DA:23,0
DA:24,0
DA:25,0
DA:26,0
DA:27,0
DA:28,0
DA:29,0
DA:30,0
DA:32,0
DA:33,0
DA:34,0
DA:36,0
DA:37,0
DA:38,0
LF:24
LH:0
end_of_record
SF:/home/runner/work/SwiftBeanCountWealthsimpleMapper/SwiftBeanCountWealthsimpleMapper/Sources/SwiftBeanCountWealthsimpleMapper/WealthsimpleConversionError.swift
FN:26,$s32SwiftBeanCountWealthsimpleMapper0D15ConversionErrorO16errorDescriptionSSSgvg
FNDA:0,$s32SwiftBeanCountWealthsimpleMapper0D15ConversionErrorO16errorDescriptionSSSgvg
FNF:1
FNH:0
DA:26,0
DA:27,0
DA:28,0
DA:29,0
DA:30,0
DA:31,0
DA:32,0
DA:33,0
DA:34,0
DA:35,0
DA:36,0
DA:37,0
DA:38,0
DA:39,0
DA:40,0
DA:41,0
DA:42,0
LF:17
LH:0
end_of_record
SF:/home/runner/work/SwiftBeanCountWealthsimpleMapper/SwiftBeanCountWealthsimpleMapper/Sources/SwiftBeanCountWealthsimpleMapper/WealthsimpleLedgerMapper.swift
FN:31,$s32SwiftBeanCountWealthsimpleMapper0d6LedgerE0V13dividendRegEx33_DC6D9D23AA2B9FDF14C5FF7A83098379LL10Foundation19NSRegularExpressionCvpZfiAHyXEfU_
FN:40,$s32SwiftBeanCountWealthsimpleMapper0d6LedgerE0V9nrwtRegEx33_DC6D9D23AA2B9FDF14C5FF7A83098379LL10Foundation19NSRegularExpressionCvpZfiAHyXEfU_
FN:46,$s32SwiftBeanCountWealthsimpleMapper0d6LedgerE0V32dividendDescriptionDateFormatter33_DC6D9D23AA2B9FDF14C5FF7A83098379LL10Foundation0iJ0CvpZfiAHyXEfU_
FN:52,$s32SwiftBeanCountWealthsimpleMapper0d6LedgerE0V13dateFormatter33_DC6D9D23AA2B9FDF14C5FF7A83098379LL10Foundation04DateH0CvpZfiAHyXEfU_
FN:61,$s32SwiftBeanCountWealthsimpleMapper0d6LedgerE0V8accountsSay0D07AccountVGvpfi
FN:67,$s32SwiftBeanCountWealthsimpleMapper0d6LedgerE0V6ledgerAC0abC5Model0F0C_tcfC
FN:71,$s32SwiftBeanCountWealthsimpleMapper0d6LedgerE0V6amount3for2in6negate7inverse0abC5Model6AmountVSS_SSS2btFZ
FN:97,$s32SwiftBeanCountWealthsimpleMapper0d6LedgerE0V29mapPositionsToPriceAndBalanceySay0abC5Model0J0VG_SayAE0L0VGtSay0D08PositionVGKF
FN:101,$s32SwiftBeanCountWealthsimpleMapper0d6LedgerE0V29mapPositionsToPriceAndBalanceySay0abC5Model0J0VG_SayAE0L0VGtSay0D08PositionVGKFSbAL7AccountVXEfU_
FN:106,$s32SwiftBeanCountWealthsimpleMapper0d6LedgerE0V29mapPositionsToPriceAndBalanceySay0abC5Model0J0VG_SayAE0L0VGtSay0D08PositionVGKFyANKXEfU0_
FN:145,$s32SwiftBeanCountWealthsimpleMapper0d6LedgerE0V025mapTransactionsToPriceAndH0ySay0abC5Model0J0VG_SayAE11TransactionCGtSay0D0AIVGKF
FN:149,$s32SwiftBeanCountWealthsimpleMapper0d6LedgerE0V025mapTransactionsToPriceAndH0ySay0abC5Model0J0VG_SayAE11TransactionCGtSay0D0AIVGKFSbAL7AccountVXEfU_
FN:152,$s32SwiftBeanCountWealthsimpleMapper0d6LedgerE0V025mapTransactionsToPriceAndH0ySay0abC5Model0J0VG_SayAE11TransactionCGtSay0D0AIVGKFSbAMXEfU0_
FN:153,$s32SwiftBeanCountWealthsimpleMapper0d6LedgerE0V025mapTransactionsToPriceAndH0ySay0abC5Model0J0VG_SayAE11TransactionCGtSay0D0AIVGKFSbAMXEfU1_
FN:160,$s32SwiftBeanCountWealthsimpleMapper0d6LedgerE0V025mapTransactionsToPriceAndH0ySay0abC5Model0J0VG_SayAE11TransactionCGtSay0D0AIVGKFSbAMXEfU2_
FN:160,$s32SwiftBeanCountWealthsimpleMapper0d6LedgerE0V025mapTransactionsToPriceAndH0ySay0abC5Model0J0VG_SayAE11TransactionCGtSay0D0AIVGKFSbAMXEfU2_SbyKXEfu_
FN:189,$s32SwiftBeanCountWealthsimpleMapper0d6LedgerE0V9mergeNRWT33_DC6D9D23AA2B9FDF14C5FF7A83098379LL11transaction23withDividendTransaction2in0abC5Model0U0C0D0AJV_AkL7AccountVtKF
FN:192,$s32SwiftBeanCountWealthsimpleMapper0d6LedgerE0V9mergeNRWT33_DC6D9D23AA2B9FDF14C5FF7A83098379LL11transaction23withDividendTransaction2in0abC5Model0U0C0D0AJV_AkL7AccountVtKFSbAI0U7PostingCXEfU_
FN:198,$s32SwiftBeanCountWealthsimpleMapper0d6LedgerE0V9mergeNRWT33_DC6D9D23AA2B9FDF14C5FF7A83098379LL11transaction23withDividendTransaction2in0abC5Model0U0C0D0AJV_AkL7AccountVtKFSbAI0U7PostingCXEfU0_
FN:206,$s32SwiftBeanCountWealthsimpleMapper0d6LedgerE0V14mapTransaction33_DC6D9D23AA2B9FDF14C5FF7A83098379LL_2in0abC5Model5PriceVSg_AG0H0Ct0D0AKV_AM7AccountVtKF
FN:239,$s32SwiftBeanCountWealthsimpleMapper0d6LedgerE0V6mapBuy33_DC6D9D23AA2B9FDF14C5FF7A83098379LL11transaction2in16assetAccountName0abC5Model5PriceV_AI11TransactionCt0D0ALV_AN0U0VAI0uV0VtKF
FN:248,$s32SwiftBeanCountWealthsimpleMapper0d6LedgerE0V10mapDeposit33_DC6D9D23AA2B9FDF14C5FF7A83098379LL11transaction2in16assetAccountName0abC5Model11TransactionC0D0AJV_AL0U0VAI0uV0VtKF
FN:255,$s32SwiftBeanCountWealthsimpleMapper0d6LedgerE0V15mapContribution33_DC6D9D23AA2B9FDF14C5FF7A83098379LL11transaction2in16assetAccountName0abC5Model11TransactionC0D0AJV_AL0U0VAI0uV0VtKF
FN:271,$s32SwiftBeanCountWealthsimpleMapper0d6LedgerE0V21mapFeeOrReimbursement33_DC6D9D23AA2B9FDF14C5FF7A83098379LL11transaction2in16assetAccountName0abC5Model11TransactionC0D0AJV_AL0W0VAI0wX0VtKF
FN:279,$s32SwiftBeanCountWealthsimpleMapper0d6LedgerE0V11mapDividend33_DC6D9D23AA2B9FDF14C5FF7A83098379LL11transaction2in16assetAccountName0abC5Model11TransactionC0D0AJV_AL0U0VAI0uV0VtKF
FN:293,$s32SwiftBeanCountWealthsimpleMapper0d6LedgerE0V28mapNonResidentWithholdingTax33_DC6D9D23AA2B9FDF14C5FF7A83098379LL11transaction2in16assetAccountName0abC5Model11TransactionC0D0AJV_AL0X0VAI0xY0VtKF
FN:301,$s32SwiftBeanCountWealthsimpleMapper0d6LedgerE0V9mapRefund33_DC6D9D23AA2B9FDF14C5FF7A83098379LL11transaction2in16assetAccountName0abC5Model11TransactionC0D0AJV_AL0U0VAI0uV0VtKF
FN:308,$s32SwiftBeanCountWealthsimpleMapper0d6LedgerE0V7mapSell33_DC6D9D23AA2B9FDF14C5FF7A83098379LL11transaction2in16assetAccountName0abC5Model5PriceV_AI11TransactionCt0D0ALV_AN0U0VAI0uV0VtKF
FN:318,$s32SwiftBeanCountWealthsimpleMapper0d6LedgerE0V24parseDividendDescription33_DC6D9D23AA2B9FDF14C5FF7A83098379LLySS_SS0abC5Model6AmountVSgtSSKF
FN:328,$s32SwiftBeanCountWealthsimpleMapper0d6LedgerE0V20parseNRWTDescription33_DC6D9D23AA2B9FDF14C5FF7A83098379LLy0abC5Model6AmountVSSKF
FNDA:0,$s32SwiftBeanCountWealthsimpleMapper0d6LedgerE0V13dividendRegEx33_DC6D9D23AA2B9FDF14C5FF7A83098379LL10Foundation19NSRegularExpressionCvpZfiAHyXEfU_
FNDA:0,$s32SwiftBeanCountWealthsimpleMapper0d6LedgerE0V9nrwtRegEx33_DC6D9D23AA2B9FDF14C5FF7A83098379LL10Foundation19NSRegularExpressionCvpZfiAHyXEfU_
FNDA:0,$s32SwiftBeanCountWealthsimpleMapper0d6LedgerE0V32dividendDescriptionDateFormatter33_DC6D9D23AA2B9FDF14C5FF7A83098379LL10Foundation0iJ0CvpZfiAHyXEfU_
FNDA:0,$s32SwiftBeanCountWealthsimpleMapper0d6LedgerE0V13dateFormatter33_DC6D9D23AA2B9FDF14C5FF7A83098379LL10Foundation04DateH0CvpZfiAHyXEfU_
FNDA:0,$s32SwiftBeanCountWealthsimpleMapper0d6LedgerE0V8accountsSay0D07AccountVGvpfi
FNDA:0,$s32SwiftBeanCountWealthsimpleMapper0d6LedgerE0V6ledgerAC0abC5Model0F0C_tcfC
FNDA:0,$s32SwiftBeanCountWealthsimpleMapper0d6LedgerE0V6amount3for2in6negate7inverse0abC5Model6AmountVSS_SSS2btFZ
FNDA:0,$s32SwiftBeanCountWealthsimpleMapper0d6LedgerE0V29mapPositionsToPriceAndBalanceySay0abC5Model0J0VG_SayAE0L0VGtSay0D08PositionVGKF
FNDA:0,$s32SwiftBeanCountWealthsimpleMapper0d6LedgerE0V29mapPositionsToPriceAndBalanceySay0abC5Model0J0VG_SayAE0L0VGtSay0D08PositionVGKFSbAL7AccountVXEfU_
FNDA:0,$s32SwiftBeanCountWealthsimpleMapper0d6LedgerE0V29mapPositionsToPriceAndBalanceySay0abC5Model0J0VG_SayAE0L0VGtSay0D08PositionVGKFyANKXEfU0_
FNDA:0,$s32SwiftBeanCountWealthsimpleMapper0d6LedgerE0V025mapTransactionsToPriceAndH0ySay0abC5Model0J0VG_SayAE11TransactionCGtSay0D0AIVGKF
FNDA:0,$s32SwiftBeanCountWealthsimpleMapper0d6LedgerE0V025mapTransactionsToPriceAndH0ySay0abC5Model0J0VG_SayAE11TransactionCGtSay0D0AIVGKFSbAL7AccountVXEfU_
FNDA:0,$s32SwiftBeanCountWealthsimpleMapper0d6LedgerE0V025mapTransactionsToPriceAndH0ySay0abC5Model0J0VG_SayAE11TransactionCGtSay0D0AIVGKFSbAMXEfU0_
FNDA:0,$s32SwiftBeanCountWealthsimpleMapper0d6LedgerE0V025mapTransactionsToPriceAndH0ySay0abC5Model0J0VG_SayAE11TransactionCGtSay0D0AIVGKFSbAMXEfU1_
FNDA:0,$s32SwiftBeanCountWealthsimpleMapper0d6LedgerE0V025mapTransactionsToPriceAndH0ySay0abC5Model0J0VG_SayAE11TransactionCGtSay0D0AIVGKFSbAMXEfU2_
FNDA:0,$s32SwiftBeanCountWealthsimpleMapper0d6LedgerE0V025mapTransactionsToPriceAndH0ySay0abC5Model0J0VG_SayAE11TransactionCGtSay0D0AIVGKFSbAMXEfU2_SbyKXEfu_
FNDA:0,$s32SwiftBeanCountWealthsimpleMapper0d6LedgerE0V9mergeNRWT33_DC6D9D23AA2B9FDF14C5FF7A83098379LL11transaction23withDividendTransaction2in0abC5Model0U0C0D0AJV_AkL7AccountVtKF
FNDA:0,$s32SwiftBeanCountWealthsimpleMapper0d6LedgerE0V9mergeNRWT33_DC6D9D23AA2B9FDF14C5FF7A83098379LL11transaction23withDividendTransaction2in0abC5Model0U0C0D0AJV_AkL7AccountVtKFSbAI0U7PostingCXEfU_
FNDA:0,$s32SwiftBeanCountWealthsimpleMapper0d6LedgerE0V9mergeNRWT33_DC6D9D23AA2B9FDF14C5FF7A83098379LL11transaction23withDividendTransaction2in0abC5Model0U0C0D0AJV_AkL7AccountVtKFSbAI0U7PostingCXEfU0_
FNDA:0,$s32SwiftBeanCountWealthsimpleMapper0d6LedgerE0V14mapTransaction33_DC6D9D23AA2B9FDF14C5FF7A83098379LL_2in0abC5Model5PriceVSg_AG0H0Ct0D0AKV_AM7AccountVtKF
FNDA:0,$s32SwiftBeanCountWealthsimpleMapper0d6LedgerE0V6mapBuy33_DC6D9D23AA2B9FDF14C5FF7A83098379LL11transaction2in16assetAccountName0abC5Model5PriceV_AI11TransactionCt0D0ALV_AN0U0VAI0uV0VtKF
FNDA:0,$s32SwiftBeanCountWealthsimpleMapper0d6LedgerE0V10mapDeposit33_DC6D9D23AA2B9FDF14C5FF7A83098379LL11transaction2in16assetAccountName0abC5Model11TransactionC0D0AJV_AL0U0VAI0uV0VtKF
FNDA:0,$s32SwiftBeanCountWealthsimpleMapper0d6LedgerE0V15mapContribution33_DC6D9D23AA2B9FDF14C5FF7A83098379LL11transaction2in16assetAccountName0abC5Model11TransactionC0D0AJV_AL0U0VAI0uV0VtKF
FNDA:0,$s32SwiftBeanCountWealthsimpleMapper0d6LedgerE0V21mapFeeOrReimbursement33_DC6D9D23AA2B9FDF14C5FF7A83098379LL11transaction2in16assetAccountName0abC5Model11TransactionC0D0AJV_AL0W0VAI0wX0VtKF
FNDA:0,$s32SwiftBeanCountWealthsimpleMapper0d6LedgerE0V11mapDividend33_DC6D9D23AA2B9FDF14C5FF7A83098379LL11transaction2in16assetAccountName0abC5Model11TransactionC0D0AJV_AL0U0VAI0uV0VtKF
FNDA:0,$s32SwiftBeanCountWealthsimpleMapper0d6LedgerE0V28mapNonResidentWithholdingTax33_DC6D9D23AA2B9FDF14C5FF7A83098379LL11transaction2in16assetAccountName0abC5Model11TransactionC0D0AJV_AL0X0VAI0xY0VtKF
FNDA:0,$s32SwiftBeanCountWealthsimpleMapper0d6LedgerE0V9mapRefund33_DC6D9D23AA2B9FDF14C5FF7A83098379LL11transaction2in16assetAccountName0abC5Model11TransactionC0D0AJV_AL0U0VAI0uV0VtKF
FNDA:0,$s32SwiftBeanCountWealthsimpleMapper0d6LedgerE0V7mapSell33_DC6D9D23AA2B9FDF14C5FF7A83098379LL11transaction2in16assetAccountName0abC5Model5PriceV_AI11TransactionCt0D0ALV_AN0U0VAI0uV0VtKF
FNDA:0,$s32SwiftBeanCountWealthsimpleMapper0d6LedgerE0V24parseDividendDescription33_DC6D9D23AA2B9FDF14C5FF7A83098379LLySS_SS0abC5Model6AmountVSgtSSKF
FNDA:0,$s32SwiftBeanCountWealthsimpleMapper0d6LedgerE0V20parseNRWTDescription33_DC6D9D23AA2B9FDF14C5FF7A83098379LLy0abC5Model6AmountVSSKF
FNF:30
FNH:0
DA:31,0
DA:32,0
DA:33,0
DA:34,0
DA:35,0
DA:36,0
DA:37,0
DA:40,0
DA:41,0
DA:42,0
DA:43,0
DA:46,0
DA:47,0
DA:48,0
DA:49,0
DA:50,0
DA:52,0
DA:53,0
DA:54,0
DA:55,0
DA:56,0
DA:61,0
DA:67,0
DA:68,0
DA:69,0
DA:71,0
DA:72,0
DA:73,0
DA:74,0
DA:75,0
DA:76,0
DA:77,0
DA:78,0
DA:79,0
DA:80,0
DA:81,0
DA:82,0
DA:83,0
DA:97,0
DA:98,0
DA:99,0
DA:100,0
DA:101,0
DA:102,0
DA:103,0
DA:104,0
DA:105,0
DA:106,0
DA:107,0
DA:108,0
DA:109,0
DA:110,0
DA:111,0
DA:112,0
DA:113,0
DA:114,0
DA:115,0
DA:116,0
DA:117,0
DA:118,0
DA:119,0
DA:120,0
DA:121,0
DA:122,0
DA:123,0
DA:124,0
DA:125,0
DA:126,0
DA:127,0
DA:128,0
DA:129,0
DA:130,0
DA:131,0
DA:145,0
DA:146,0
DA:147,0
DA:148,0
DA:149,0
DA:150,0
DA:151,0
DA:152,0
DA:153,0
DA:154,0
DA:155,0
DA:156,0
DA:157,0
DA:158,0
DA:159,0
DA:160,0
DA:161,0
DA:162,0
DA:163,0
DA:164,0
DA:165,0
DA:166,0
DA:167,0
DA:168,0
DA:169,0
DA:170,0
DA:171,0
DA:172,0
DA:173,0
DA:174,0
DA:175,0
DA:176,0
DA:177,0
DA:178,0
DA:179,0
DA:180,0
DA:189,0
DA:190,0
DA:191,0
DA:192,0
DA:193,0
DA:194,0
DA:195,0
DA:196,0
DA:197,0
DA:198,0
DA:199,0
DA:200,0
DA:201,0
DA:202,0
DA:203,0
DA:204,0
DA:206,0
DA:207,0
DA:208,0
DA:209,0
DA:210,0
DA:211,0
DA:212,0
DA:213,0
DA:214,0
DA:215,0
DA:216,0
DA:217,0
DA:218,0
DA:219,0
DA:220,0
DA:221,0
DA:222,0
DA:223,0
DA:224,0
DA:225,0
DA:226,0
DA:227,0
DA:228,0
DA:229,0
DA:230,0
DA:231,0
DA:232,0
DA:233,0
DA:234,0
DA:235,0
DA:236,0
DA:237,0
DA:239,0
DA:240,0
DA:241,0
DA:242,0
DA:243,0
DA:244,0
DA:245,0
DA:246,0
DA:248,0
DA:249,0
DA:250,0
DA:251,0
DA:252,0
DA:253,0
DA:255,0
DA:256,0
DA:257,0
DA:258,0
DA:259,0
DA:260,0
DA:261,0
DA:262,0
DA:263,0
DA:264,0
DA:265,0
DA:266,0
DA:267,0
DA:268,0
DA:269,0
DA:271,0
DA:272,0
DA:273,0
DA:274,0
DA:275,0
DA:276,0
DA:277,0
DA:279,0
DA:280,0
DA:281,0
DA:282,0
DA:283,0
DA:284,0
DA:285,0
DA:286,0
DA:287,0
DA:288,0
DA:289,0
DA:290,0
DA:291,0
DA:293,0
DA:294,0
DA:295,0
DA:296,0
DA:297,0
DA:298,0
DA:299,0
DA:301,0
DA:302,0
DA:303,0
DA:304,0
DA:305,0
DA:306,0
DA:308,0
DA:309,0
DA:310,0
DA:311,0
DA:312,0
DA:313,0
DA:314,0
DA:315,0
DA:318,0
DA:319,0
DA:320,0
DA:321,0
DA:322,0
DA:323,0
DA:324,0
DA:325,0
DA:326,0
DA:328,0
DA:329,0
DA:330,0
DA:331,0
DA:332,0
DA:333,0
DA:334,0
LF:267
LH:0
end_of_record
